<?xml version="1.0" encoding="UTF-8"?>
<!-- Generated by org.testng.reporters.JUnitXMLReporter -->
<testsuite ignored="0" hostname="anhhn-HP-EliteBook-8470p" failures="0" tests="3" name="Default test" time="0.074" errors="0" timestamp="2022-05-02T19:33:39 ICT">
  <testcase classname="Common.Initialization" name="@BeforeClass beforeClass" time="-1.651494819834E9">
    <failure type="org.testng.TestNGException" message="
Parameter &amp;apos;browser&amp;apos; is required by BeforeClass on method beforeClass but has not been marked @Optional or defined
in /tmp/testng-eclipse-54247563/testng-customsuite.xml">
      <![CDATA[org.testng.TestNGException: 
Parameter 'browser' is required by BeforeClass on method beforeClass but has not been marked @Optional or defined
in /tmp/testng-eclipse-54247563/testng-customsuite.xml
at org.testng.internal.Parameters.createParams(Parameters.java:323)
at org.testng.internal.Parameters.createParametersForMethod(Parameters.java:411)
at org.testng.internal.Parameters.createParameters(Parameters.java:734)
at org.testng.internal.Parameters.createConfigurationParameters(Parameters.java:197)
at org.testng.internal.Invoker.invokeConfigurations(Invoker.java:224)
at org.testng.internal.Invoker.invokeConfigurations(Invoker.java:145)
at org.testng.internal.TestMethodWorker.invokeBeforeClassMethods(TestMethodWorker.java:173)
at org.testng.internal.TestMethodWorker.run(TestMethodWorker.java:118)
at org.testng.TestRunner.privateRun(TestRunner.java:724)
at org.testng.TestRunner.run(TestRunner.java:574)
at org.testng.SuiteRunner.runTest(SuiteRunner.java:398)
at org.testng.SuiteRunner.runSequentially(SuiteRunner.java:392)
at org.testng.SuiteRunner.privateRun(SuiteRunner.java:354)
at org.testng.SuiteRunner.run(SuiteRunner.java:302)
at org.testng.SuiteRunnerWorker.runSuite(SuiteRunnerWorker.java:53)
at org.testng.SuiteRunnerWorker.run(SuiteRunnerWorker.java:96)
at org.testng.TestNG.runSuitesSequentially(TestNG.java:1142)
at org.testng.TestNG.runSuitesLocally(TestNG.java:1064)
at org.testng.TestNG.runSuites(TestNG.java:994)
at org.testng.TestNG.run(TestNG.java:962)
at org.testng.remote.AbstractRemoteTestNG.run(AbstractRemoteTestNG.java:115)
at org.testng.remote.RemoteTestNG.initAndRun(RemoteTestNG.java:251)
at org.testng.remote.RemoteTestNG.main(RemoteTestNG.java:77)
]]>
    </failure>
  </testcase> <!-- @BeforeClass beforeClass -->
  <testcase classname="TestSuite.Admin.ProductMnt" name="@BeforeClass setUp" time="-1.651494819842E9">
    <skipped/>
  </testcase> <!-- @BeforeClass setUp -->
  <testcase classname="TestSuite.Admin.ProductMnt" name="@BeforeMethod setUpMethod" time="-1.651494819854E9">
    <skipped/>
  </testcase> <!-- @BeforeMethod setUpMethod -->
  <testcase classname="TestSuite.Admin.ProductMnt" name="@AfterMethod tearDownMethod" time="-1.651494819861E9">
    <skipped/>
  </testcase> <!-- @AfterMethod tearDownMethod -->
  <testcase classname="TestSuite.Admin.ProductMnt" name="@BeforeMethod setUpMethod" time="-1.651494819873E9">
    <skipped/>
  </testcase> <!-- @BeforeMethod setUpMethod -->
  <testcase classname="TestSuite.Admin.ProductMnt" name="@AfterMethod tearDownMethod" time="-1.651494819876E9">
    <skipped/>
  </testcase> <!-- @AfterMethod tearDownMethod -->
  <testcase classname="TestSuite.Admin.ProductMnt" name="@BeforeMethod setUpMethod" time="-1.651494819881E9">
    <skipped/>
  </testcase> <!-- @BeforeMethod setUpMethod -->
  <testcase classname="TestSuite.Admin.ProductMnt" name="@AfterMethod tearDownMethod" time="-1.651494819885E9">
    <skipped/>
  </testcase> <!-- @AfterMethod tearDownMethod -->
  <testcase classname="TestSuite.Admin.ProductMnt" name="@AfterClass tearDown" time="-1.65149481989E9">
    <skipped/>
  </testcase> <!-- @AfterClass tearDown -->
  <testcase classname="TestSuite.Admin.ProductMnt" name="MODULE7_03_01_001" time="0.0">
    <skipped/>
  </testcase> <!-- MODULE7_03_01_001 -->
  <testcase classname="TestSuite.Admin.ProductMnt" name="MODULE7_03_01_002" time="0.0">
    <skipped/>
  </testcase> <!-- MODULE7_03_01_002 -->
  <testcase classname="TestSuite.Admin.ProductMnt" name="MODULE7_03_01_003" time="0.0">
    <skipped/>
  </testcase> <!-- MODULE7_03_01_003 -->
</testsuite> <!-- Default test -->
