<?xml version="1.0" encoding="UTF-8"?>
<!-- Generated by org.testng.reporters.JUnitXMLReporter -->
<testsuite ignored="2" hostname="anhhn-HP-EliteBook-8470p" failures="14" tests="47" name="Test1" time="573.45" errors="0" timestamp="2022-09-20T02:03:42 ICT">
  <testcase classname="TestSuite.EnterPlan" name="MODULE2_01" time="8.822"/>
  <testcase classname="TestSuite.EnterPlan" name="MODULE2_02" time="11.643"/>
  <testcase classname="TestSuite.EnterPlan" name="MODULE2_03" time="8.924"/>
  <testcase classname="TestSuite.EnterPlan" name="MODULE2_04" time="18.385"/>
  <testcase classname="TestSuite.EnterPlan" name="MODULE2_05" time="9.365"/>
  <testcase classname="TestSuite.EnterPlan" name="MODULE2_06" time="11.887"/>
  <testcase classname="TestSuite.EnterPlan" name="MODULE2_07" time="11.762"/>
  <testcase classname="TestSuite.EnterPlan" name="MODULE2_08" time="0.521">
    <failure type="java.lang.AssertionError" message="Element with locator By.xpath: //p[contains(text(),&amp;apos;Ngày không được phép nhỏ hơn giá trị nhỏ nhất&amp;apos;)] doesn&amp;apos;t exist">
      <![CDATA[java.lang.AssertionError: Element with locator By.xpath: //p[contains(text(),'Ngày không được phép nhỏ hơn giá trị nhỏ nhất')] doesn't exist
at Common.Utilities.assertElementVisible(Utilities.java:585)
at CommonScreen.EnterPlanScreen.checkDate(EnterPlanScreen.java:138)
at TestSuite.EnterPlan.MODULE2_08(EnterPlan.java:71)
... Removed 26 stack frames]]>
    </failure>
  </testcase> <!-- MODULE2_08 -->
  <testcase classname="TestSuite.EnterPlan" name="MODULE2_09" time="0.826">
    <failure type="java.lang.AssertionError" message="Element with locator By.xpath: //p[contains(text(),&amp;apos;Ngày không được phép lớn hơn giá trị lớn nhất&amp;apos;)] doesn&amp;apos;t exist">
      <![CDATA[java.lang.AssertionError: Element with locator By.xpath: //p[contains(text(),'Ngày không được phép lớn hơn giá trị lớn nhất')] doesn't exist
at Common.Utilities.assertElementVisible(Utilities.java:585)
at CommonScreen.EnterPlanScreen.checkDate(EnterPlanScreen.java:138)
at TestSuite.EnterPlan.MODULE2_09(EnterPlan.java:76)
... Removed 26 stack frames]]>
    </failure>
  </testcase> <!-- MODULE2_09 -->
  <testcase classname="TestSuite.EnterPlan" name="MODULE2_10" time="11.653"/>
  <testcase classname="TestSuite.EnterPlan" name="MODULE2_11" time="1.196">
    <failure type="java.lang.AssertionError" message="Element with locator By.xpath: //p[contains(text(),&amp;apos;Ngày kết thúc không được trước ngày bắt đầu&amp;apos;)] doesn&amp;apos;t exist">
      <![CDATA[java.lang.AssertionError: Element with locator By.xpath: //p[contains(text(),'Ngày kết thúc không được trước ngày bắt đầu')] doesn't exist
at Common.Utilities.assertElementVisible(Utilities.java:585)
at CommonScreen.EnterPlanScreen.checkMultiDate(EnterPlanScreen.java:145)
at TestSuite.EnterPlan.MODULE2_11(EnterPlan.java:86)
... Removed 26 stack frames]]>
    </failure>
  </testcase> <!-- MODULE2_11 -->
  <testcase classname="TestSuite.EnterPlan" name="MODULE2_12" time="11.599"/>
  <testcase classname="TestSuite.EnterPlan" name="MODULE2_13" time="12.808"/>
  <testcase classname="TestSuite.EnterPlan" name="MODULE2_14" time="0.624">
    <failure type="java.lang.AssertionError" message="Element with locator By.xpath: //p[contains(text(),&amp;apos;Ngày không được phép nhỏ hơn giá trị nhỏ nhất&amp;apos;)] doesn&amp;apos;t exist">
      <![CDATA[java.lang.AssertionError: Element with locator By.xpath: //p[contains(text(),'Ngày không được phép nhỏ hơn giá trị nhỏ nhất')] doesn't exist
at Common.Utilities.assertElementVisible(Utilities.java:585)
at CommonScreen.EnterPlanScreen.checkDate(EnterPlanScreen.java:138)
at TestSuite.EnterPlan.MODULE2_14(EnterPlan.java:101)
... Removed 26 stack frames]]>
    </failure>
  </testcase> <!-- MODULE2_14 -->
  <testcase classname="TestSuite.EnterPlan" name="MODULE2_15" time="0.552">
    <failure type="java.lang.AssertionError" message="Element with locator By.xpath: //p[contains(text(),&amp;apos;Ngày không được phép lớn hơn giá trị lớn nhất&amp;apos;)] doesn&amp;apos;t exist">
      <![CDATA[java.lang.AssertionError: Element with locator By.xpath: //p[contains(text(),'Ngày không được phép lớn hơn giá trị lớn nhất')] doesn't exist
at Common.Utilities.assertElementVisible(Utilities.java:585)
at CommonScreen.EnterPlanScreen.checkDate(EnterPlanScreen.java:138)
at TestSuite.EnterPlan.MODULE2_15(EnterPlan.java:106)
... Removed 26 stack frames]]>
    </failure>
  </testcase> <!-- MODULE2_15 -->
  <testcase classname="TestSuite.EnterPlan" name="MODULE2_16" time="20.856">
    <failure type="java.lang.AssertionError" message="By.xpath: //div[@class=&amp;apos;Toastify&amp;apos;]//div//div//divis not visible did not expect to find [true] but found [false]">
      <![CDATA[java.lang.AssertionError: By.xpath: //div[@class='Toastify']//div//div//divis not visible did not expect to find [true] but found [false]
at Common.Utilities.assertTextValueVisible(Utilities.java:703)
at CommonScreen.EnterPlanScreen.savePlan(EnterPlanScreen.java:111)
at TestSuite.EnterPlan.MODULE2_16(EnterPlan.java:111)
... Removed 30 stack frames]]>
    </failure>
  </testcase> <!-- MODULE2_16 -->
  <testcase classname="TestSuite.EnterPlan" name="MODULE2_17" time="1.169">
    <failure type="java.lang.AssertionError" message="Element with locator By.xpath: //p[contains(text(),&amp;apos;Ngày kết thúc không được trước ngày bắt đầu&amp;apos;)] doesn&amp;apos;t exist">
      <![CDATA[java.lang.AssertionError: Element with locator By.xpath: //p[contains(text(),'Ngày kết thúc không được trước ngày bắt đầu')] doesn't exist
at Common.Utilities.assertElementVisible(Utilities.java:585)
at CommonScreen.EnterPlanScreen.checkMultiDate(EnterPlanScreen.java:145)
at TestSuite.EnterPlan.MODULE2_17(EnterPlan.java:116)
... Removed 26 stack frames]]>
    </failure>
  </testcase> <!-- MODULE2_17 -->
  <testcase classname="TestSuite.EnterPlan" name="MODULE2_18" time="12.496"/>
  <testcase classname="TestSuite.EnterPlan" name="MODULE2_19" time="12.916"/>
  <testcase classname="TestSuite.EnterPlan" name="MODULE2_20" time="8.593"/>
  <testcase classname="TestSuite.EnterPlan" name="MODULE2_21" time="11.655"/>
  <testcase classname="TestSuite.EnterPlan" name="MODULE2_22" time="9.44"/>
  <testcase classname="TestSuite.EnterPlan" name="MODULE2_23" time="15.953"/>
  <testcase classname="TestSuite.EnterPlan" name="MODULE2_24" time="9.348"/>
  <testcase classname="TestSuite.EnterPlan" name="MODULE2_25" time="12.082"/>
  <testcase classname="TestSuite.EnterPlan" name="MODULE2_26" time="11.903"/>
  <testcase classname="TestSuite.EnterPlan" name="MODULE2_27" time="0.572">
    <failure type="java.lang.AssertionError" message="Element with locator By.xpath: //p[contains(text(),&amp;apos;Ngày không được phép nhỏ hơn giá trị nhỏ nhất&amp;apos;)] doesn&amp;apos;t exist">
      <![CDATA[java.lang.AssertionError: Element with locator By.xpath: //p[contains(text(),'Ngày không được phép nhỏ hơn giá trị nhỏ nhất')] doesn't exist
at Common.Utilities.assertElementVisible(Utilities.java:585)
at CommonScreen.EnterPlanScreen.checkDate(EnterPlanScreen.java:138)
at TestSuite.EnterPlan.MODULE2_27(EnterPlan.java:169)
... Removed 26 stack frames]]>
    </failure>
  </testcase> <!-- MODULE2_27 -->
  <testcase classname="TestSuite.EnterPlan" name="MODULE2_28" time="0.573">
    <failure type="java.lang.AssertionError" message="Element with locator By.xpath: //p[contains(text(),&amp;apos;Ngày không được phép lớn hơn giá trị lớn nhất&amp;apos;)] doesn&amp;apos;t exist">
      <![CDATA[java.lang.AssertionError: Element with locator By.xpath: //p[contains(text(),'Ngày không được phép lớn hơn giá trị lớn nhất')] doesn't exist
at Common.Utilities.assertElementVisible(Utilities.java:585)
at CommonScreen.EnterPlanScreen.checkDate(EnterPlanScreen.java:138)
at TestSuite.EnterPlan.MODULE2_28(EnterPlan.java:174)
... Removed 26 stack frames]]>
    </failure>
  </testcase> <!-- MODULE2_28 -->
  <testcase classname="TestSuite.EnterPlan" name="MODULE2_29" time="11.567"/>
  <testcase classname="TestSuite.EnterPlan" name="MODULE2_30" time="1.058">
    <failure type="java.lang.AssertionError" message="Element with locator By.xpath: //p[contains(text(),&amp;apos;Ngày kết thúc không được trước ngày bắt đầu&amp;apos;)] doesn&amp;apos;t exist">
      <![CDATA[java.lang.AssertionError: Element with locator By.xpath: //p[contains(text(),'Ngày kết thúc không được trước ngày bắt đầu')] doesn't exist
at Common.Utilities.assertElementVisible(Utilities.java:585)
at CommonScreen.EnterPlanScreen.checkMultiDate(EnterPlanScreen.java:145)
at TestSuite.EnterPlan.MODULE2_30(EnterPlan.java:184)
... Removed 26 stack frames]]>
    </failure>
  </testcase> <!-- MODULE2_30 -->
  <testcase classname="TestSuite.EnterPlan" name="MODULE2_31" time="12.067"/>
  <testcase classname="TestSuite.EnterPlan" name="MODULE2_32" time="12.811"/>
  <testcase classname="TestSuite.EnterPlan" name="MODULE2_33" time="0.6">
    <failure type="java.lang.AssertionError" message="Element with locator By.xpath: //p[contains(text(),&amp;apos;Ngày không được phép nhỏ hơn giá trị nhỏ nhất&amp;apos;)] doesn&amp;apos;t exist">
      <![CDATA[java.lang.AssertionError: Element with locator By.xpath: //p[contains(text(),'Ngày không được phép nhỏ hơn giá trị nhỏ nhất')] doesn't exist
at Common.Utilities.assertElementVisible(Utilities.java:585)
at CommonScreen.EnterPlanScreen.checkDate(EnterPlanScreen.java:138)
at TestSuite.EnterPlan.MODULE2_33(EnterPlan.java:199)
... Removed 26 stack frames]]>
    </failure>
  </testcase> <!-- MODULE2_33 -->
  <testcase classname="TestSuite.EnterPlan" name="MODULE2_34" time="0.568">
    <failure type="java.lang.AssertionError" message="Element with locator By.xpath: //p[contains(text(),&amp;apos;Ngày không được phép lớn hơn giá trị lớn nhất&amp;apos;)] doesn&amp;apos;t exist">
      <![CDATA[java.lang.AssertionError: Element with locator By.xpath: //p[contains(text(),'Ngày không được phép lớn hơn giá trị lớn nhất')] doesn't exist
at Common.Utilities.assertElementVisible(Utilities.java:585)
at CommonScreen.EnterPlanScreen.checkDate(EnterPlanScreen.java:138)
at TestSuite.EnterPlan.MODULE2_34(EnterPlan.java:204)
... Removed 26 stack frames]]>
    </failure>
  </testcase> <!-- MODULE2_34 -->
  <testcase classname="TestSuite.EnterPlan" name="MODULE2_35" time="20.932">
    <failure type="java.lang.AssertionError" message="By.xpath: //div[@class=&amp;apos;Toastify&amp;apos;]//div//div//divis not visible did not expect to find [true] but found [false]">
      <![CDATA[java.lang.AssertionError: By.xpath: //div[@class='Toastify']//div//div//divis not visible did not expect to find [true] but found [false]
at Common.Utilities.assertTextValueVisible(Utilities.java:703)
at CommonScreen.EnterPlanScreen.draftSavePlan(EnterPlanScreen.java:118)
at TestSuite.EnterPlan.MODULE2_35(EnterPlan.java:209)
... Removed 30 stack frames]]>
    </failure>
  </testcase> <!-- MODULE2_35 -->
  <testcase classname="TestSuite.EnterPlan" name="MODULE2_36" time="1.258">
    <failure type="java.lang.AssertionError" message="Element with locator By.xpath: //p[contains(text(),&amp;apos;Ngày kết thúc không được trước ngày bắt đầu&amp;apos;)] doesn&amp;apos;t exist">
      <![CDATA[java.lang.AssertionError: Element with locator By.xpath: //p[contains(text(),'Ngày kết thúc không được trước ngày bắt đầu')] doesn't exist
at Common.Utilities.assertElementVisible(Utilities.java:585)
at CommonScreen.EnterPlanScreen.checkMultiDate(EnterPlanScreen.java:145)
at TestSuite.EnterPlan.MODULE2_36(EnterPlan.java:214)
... Removed 26 stack frames]]>
    </failure>
  </testcase> <!-- MODULE2_36 -->
  <testcase classname="TestSuite.EnterPlan" name="MODULE2_37" time="12.399"/>
  <testcase classname="TestSuite.EnterPlan" name="MODULE2_38" time="12.817"/>
  <testcase classname="TestSuite.EnterPlan" name="MODULE2_39" time="2.263"/>
  <testcase classname="TestSuite.EnterPlan" name="MODULE2_40" time="2.247"/>
  <testcase classname="TestSuite.Login" name="MODULE1_01" time="2.132"/>
  <testcase classname="TestSuite.Login" name="MODULE1_02" time="0.589"/>
  <testcase classname="TestSuite.Login" name="MODULE1_03" time="0.605"/>
  <testcase classname="TestSuite.Login" name="MODULE1_04" time="1.231"/>
  <testcase classname="TestSuite.Login" name="MODULE1_05" time="1.258"/>
  <testcase classname="TestSuite.Login" name="MODULE1_06" time="1.272"/>
  <testcase classname="TestSuite.Logout" name="MODULE3_01" time="0.503"/>
  <testcase classname="Common.Initialization" name="@BeforeSuite beforeSuite" time="0.0">
    <ignored/>
  </testcase> <!-- @BeforeSuite beforeSuite -->
  <testcase classname="Common.Initialization" name="@BeforeSuite beforeSuite" time="0.0">
    <ignored/>
  </testcase> <!-- @BeforeSuite beforeSuite -->
</testsuite> <!-- Test1 -->
